  WinApiBUS.cpp
C:\Users\User01\Desktop\LabsTwo\WinApiBUS\WinApiBUS.cpp(5,9): warning C4067:  непредвиденные лексемы за директивой препроцессора, требуется newline
C:\Users\User01\Desktop\LabsTwo\WinApiBUS\WinApiBUS.cpp(49,87): warning C4244:  аргумент: преобразование "double" в "int", возможна потеря данных
C:\Users\User01\Desktop\LabsTwo\WinApiBUS\WinApiBUS.cpp(49,77): warning C4244:  аргумент: преобразование "double" в "int", возможна потеря данных
C:\Users\User01\Desktop\LabsTwo\WinApiBUS\WinApiBUS.cpp(49,49): warning C4244:  аргумент: преобразование "double" в "int", возможна потеря данных
C:\Users\User01\Desktop\LabsTwo\WinApiBUS\WinApiBUS.cpp(49,39): warning C4244:  аргумент: преобразование "double" в "int", возможна потеря данных
C:\Users\User01\Desktop\LabsTwo\WinApiBUS\WinApiBUS.cpp(56,26): warning C4244:  аргумент: преобразование "double" в "int", возможна потеря данных
C:\Users\User01\Desktop\LabsTwo\WinApiBUS\WinApiBUS.cpp(57,58): warning C4244:  аргумент: преобразование "double" в "int", возможна потеря данных
C:\Users\User01\Desktop\LabsTwo\WinApiBUS\WinApiBUS.cpp(57,26): warning C4244:  аргумент: преобразование "double" в "int", возможна потеря данных
C:\Users\User01\Desktop\LabsTwo\WinApiBUS\WinApiBUS.cpp(59,52): warning C4244:  аргумент: преобразование "double" в "int", возможна потеря данных
C:\Users\User01\Desktop\LabsTwo\WinApiBUS\WinApiBUS.cpp(59,36): warning C4244:  аргумент: преобразование "double" в "int", возможна потеря данных
C:\Users\User01\Desktop\LabsTwo\WinApiBUS\WinApiBUS.cpp(59,26): warning C4244:  аргумент: преобразование "double" в "int", возможна потеря данных
C:\Users\User01\Desktop\LabsTwo\WinApiBUS\WinApiBUS.cpp(64,61): warning C4244:  аргумент: преобразование "double" в "int", возможна потеря данных
C:\Users\User01\Desktop\LabsTwo\WinApiBUS\WinApiBUS.cpp(64,51): warning C4244:  аргумент: преобразование "double" в "int", возможна потеря данных
C:\Users\User01\Desktop\LabsTwo\WinApiBUS\WinApiBUS.cpp(64,26): warning C4244:  аргумент: преобразование "double" в "int", возможна потеря данных
C:\Users\User01\Desktop\LabsTwo\WinApiBUS\WinApiBUS.cpp(65,61): warning C4244:  аргумент: преобразование "double" в "int", возможна потеря данных
C:\Users\User01\Desktop\LabsTwo\WinApiBUS\WinApiBUS.cpp(65,51): warning C4244:  аргумент: преобразование "double" в "int", возможна потеря данных
C:\Users\User01\Desktop\LabsTwo\WinApiBUS\WinApiBUS.cpp(65,26): warning C4244:  аргумент: преобразование "double" в "int", возможна потеря данных
C:\Users\User01\Desktop\LabsTwo\WinApiBUS\WinApiBUS.cpp(72,63): warning C4244:  аргумент: преобразование "double" в "int", возможна потеря данных
C:\Users\User01\Desktop\LabsTwo\WinApiBUS\WinApiBUS.cpp(93,68): warning C4244:  аргумент: преобразование "double" в "int", возможна потеря данных
C:\Users\User01\Desktop\LabsTwo\WinApiBUS\WinApiBUS.cpp(93,58): warning C4244:  аргумент: преобразование "double" в "int", возможна потеря данных
C:\Users\User01\Desktop\LabsTwo\WinApiBUS\WinApiBUS.cpp(93,38): warning C4244:  аргумент: преобразование "double" в "int", возможна потеря данных
C:\Users\User01\Desktop\LabsTwo\WinApiBUS\WinApiBUS.cpp(93,28): warning C4244:  аргумент: преобразование "double" в "int", возможна потеря данных
C:\Users\User01\Desktop\LabsTwo\WinApiBUS\WinApiBUS.cpp(94,72): warning C4244:  аргумент: преобразование "double" в "int", возможна потеря данных
C:\Users\User01\Desktop\LabsTwo\WinApiBUS\WinApiBUS.cpp(94,62): warning C4244:  аргумент: преобразование "double" в "int", возможна потеря данных
C:\Users\User01\Desktop\LabsTwo\WinApiBUS\WinApiBUS.cpp(94,40): warning C4244:  аргумент: преобразование "double" в "int", возможна потеря данных
C:\Users\User01\Desktop\LabsTwo\WinApiBUS\WinApiBUS.cpp(94,30): warning C4244:  аргумент: преобразование "double" в "int", возможна потеря данных
C:\Users\User01\Desktop\LabsTwo\WinApiBUS\WinApiBUS.cpp(95,60): warning C4244:  аргумент: преобразование "double" в "int", возможна потеря данных
C:\Users\User01\Desktop\LabsTwo\WinApiBUS\WinApiBUS.cpp(95,50): warning C4244:  аргумент: преобразование "double" в "int", возможна потеря данных
C:\Users\User01\Desktop\LabsTwo\WinApiBUS\WinApiBUS.cpp(95,34): warning C4244:  аргумент: преобразование "double" в "int", возможна потеря данных
C:\Users\User01\Desktop\LabsTwo\WinApiBUS\WinApiBUS.cpp(95,24): warning C4244:  аргумент: преобразование "double" в "int", возможна потеря данных
C:\Users\User01\Desktop\LabsTwo\WinApiBUS\WinApiBUS.cpp(101,28): warning C4838:  преобразование из "double" в "LONG" требует сужающего преобразования
C:\Users\User01\Desktop\LabsTwo\WinApiBUS\WinApiBUS.cpp(101,28): warning C4244:  инициализация: преобразование "double" в "LONG", возможна потеря данных
C:\Users\User01\Desktop\LabsTwo\WinApiBUS\WinApiBUS.cpp(101,37): warning C4838:  преобразование из "double" в "LONG" требует сужающего преобразования
C:\Users\User01\Desktop\LabsTwo\WinApiBUS\WinApiBUS.cpp(101,37): warning C4244:  инициализация: преобразование "double" в "LONG", возможна потеря данных
C:\Users\User01\Desktop\LabsTwo\WinApiBUS\WinApiBUS.cpp(101,56): warning C4838:  преобразование из "double" в "LONG" требует сужающего преобразования
C:\Users\User01\Desktop\LabsTwo\WinApiBUS\WinApiBUS.cpp(101,56): warning C4244:  инициализация: преобразование "double" в "LONG", возможна потеря данных
C:\Users\User01\Desktop\LabsTwo\WinApiBUS\WinApiBUS.cpp(101,65): warning C4838:  преобразование из "double" в "LONG" требует сужающего преобразования
C:\Users\User01\Desktop\LabsTwo\WinApiBUS\WinApiBUS.cpp(101,65): warning C4244:  инициализация: преобразование "double" в "LONG", возможна потеря данных
C:\Users\User01\Desktop\LabsTwo\WinApiBUS\WinApiBUS.cpp(101,85): warning C4838:  преобразование из "double" в "LONG" требует сужающего преобразования
C:\Users\User01\Desktop\LabsTwo\WinApiBUS\WinApiBUS.cpp(101,85): warning C4244:  инициализация: преобразование "double" в "LONG", возможна потеря данных
C:\Users\User01\Desktop\LabsTwo\WinApiBUS\WinApiBUS.cpp(103,31): warning C4838:  преобразование из "double" в "LONG" требует сужающего преобразования
C:\Users\User01\Desktop\LabsTwo\WinApiBUS\WinApiBUS.cpp(103,31): warning C4244:  инициализация: преобразование "double" в "LONG", возможна потеря данных
C:\Users\User01\Desktop\LabsTwo\WinApiBUS\WinApiBUS.cpp(103,40): warning C4838:  преобразование из "double" в "LONG" требует сужающего преобразования
C:\Users\User01\Desktop\LabsTwo\WinApiBUS\WinApiBUS.cpp(103,40): warning C4244:  инициализация: преобразование "double" в "LONG", возможна потеря данных
C:\Users\User01\Desktop\LabsTwo\WinApiBUS\WinApiBUS.cpp(103,62): warning C4838:  преобразование из "double" в "LONG" требует сужающего преобразования
C:\Users\User01\Desktop\LabsTwo\WinApiBUS\WinApiBUS.cpp(103,62): warning C4244:  инициализация: преобразование "double" в "LONG", возможна потеря данных
C:\Users\User01\Desktop\LabsTwo\WinApiBUS\WinApiBUS.cpp(103,71): warning C4838:  преобразование из "double" в "LONG" требует сужающего преобразования
C:\Users\User01\Desktop\LabsTwo\WinApiBUS\WinApiBUS.cpp(103,71): warning C4244:  инициализация: преобразование "double" в "LONG", возможна потеря данных
C:\Users\User01\Desktop\LabsTwo\WinApiBUS\WinApiBUS.cpp(103,93): warning C4838:  преобразование из "double" в "LONG" требует сужающего преобразования
C:\Users\User01\Desktop\LabsTwo\WinApiBUS\WinApiBUS.cpp(103,93): warning C4244:  инициализация: преобразование "double" в "LONG", возможна потеря данных
C:\Users\User01\Desktop\LabsTwo\WinApiBUS\WinApiBUS.cpp(105,34): warning C4838:  преобразование из "double" в "LONG" требует сужающего преобразования
C:\Users\User01\Desktop\LabsTwo\WinApiBUS\WinApiBUS.cpp(105,34): warning C4244:  инициализация: преобразование "double" в "LONG", возможна потеря данных
C:\Users\User01\Desktop\LabsTwo\WinApiBUS\WinApiBUS.cpp(105,43): warning C4838:  преобразование из "double" в "LONG" требует сужающего преобразования
C:\Users\User01\Desktop\LabsTwo\WinApiBUS\WinApiBUS.cpp(105,43): warning C4244:  инициализация: преобразование "double" в "LONG", возможна потеря данных
C:\Users\User01\Desktop\LabsTwo\WinApiBUS\WinApiBUS.cpp(105,68): warning C4838:  преобразование из "double" в "LONG" требует сужающего преобразования
C:\Users\User01\Desktop\LabsTwo\WinApiBUS\WinApiBUS.cpp(105,68): warning C4244:  инициализация: преобразование "double" в "LONG", возможна потеря данных
C:\Users\User01\Desktop\LabsTwo\WinApiBUS\WinApiBUS.cpp(105,82): warning C4838:  преобразование из "double" в "LONG" требует сужающего преобразования
C:\Users\User01\Desktop\LabsTwo\WinApiBUS\WinApiBUS.cpp(105,82): warning C4244:  инициализация: преобразование "double" в "LONG", возможна потеря данных
C:\Users\User01\Desktop\LabsTwo\WinApiBUS\WinApiBUS.cpp(105,104): warning C4838:  преобразование из "double" в "LONG" требует сужающего преобразования
C:\Users\User01\Desktop\LabsTwo\WinApiBUS\WinApiBUS.cpp(105,104): warning C4244:  инициализация: преобразование "double" в "LONG", возможна потеря данных
C:\Users\User01\Desktop\LabsTwo\WinApiBUS\WinApiBUS.cpp(107,33): warning C4838:  преобразование из "double" в "LONG" требует сужающего преобразования
C:\Users\User01\Desktop\LabsTwo\WinApiBUS\WinApiBUS.cpp(107,33): warning C4244:  инициализация: преобразование "double" в "LONG", возможна потеря данных
C:\Users\User01\Desktop\LabsTwo\WinApiBUS\WinApiBUS.cpp(107,42): warning C4838:  преобразование из "double" в "LONG" требует сужающего преобразования
C:\Users\User01\Desktop\LabsTwo\WinApiBUS\WinApiBUS.cpp(107,42): warning C4244:  инициализация: преобразование "double" в "LONG", возможна потеря данных
C:\Users\User01\Desktop\LabsTwo\WinApiBUS\WinApiBUS.cpp(107,66): warning C4838:  преобразование из "double" в "LONG" требует сужающего преобразования
C:\Users\User01\Desktop\LabsTwo\WinApiBUS\WinApiBUS.cpp(107,66): warning C4244:  инициализация: преобразование "double" в "LONG", возможна потеря данных
C:\Users\User01\Desktop\LabsTwo\WinApiBUS\WinApiBUS.cpp(107,81): warning C4838:  преобразование из "double" в "LONG" требует сужающего преобразования
C:\Users\User01\Desktop\LabsTwo\WinApiBUS\WinApiBUS.cpp(107,81): warning C4244:  инициализация: преобразование "double" в "LONG", возможна потеря данных
C:\Users\User01\Desktop\LabsTwo\WinApiBUS\WinApiBUS.cpp(107,104): warning C4838:  преобразование из "double" в "LONG" требует сужающего преобразования
C:\Users\User01\Desktop\LabsTwo\WinApiBUS\WinApiBUS.cpp(107,104): warning C4244:  инициализация: преобразование "double" в "LONG", возможна потеря данных
C:\Users\User01\Desktop\LabsTwo\WinApiBUS\WinApiBUS.cpp(110,35): warning C4838:  преобразование из "double" в "LONG" требует сужающего преобразования
C:\Users\User01\Desktop\LabsTwo\WinApiBUS\WinApiBUS.cpp(110,35): warning C4244:  инициализация: преобразование "double" в "LONG", возможна потеря данных
C:\Users\User01\Desktop\LabsTwo\WinApiBUS\WinApiBUS.cpp(110,44): warning C4838:  преобразование из "double" в "LONG" требует сужающего преобразования
C:\Users\User01\Desktop\LabsTwo\WinApiBUS\WinApiBUS.cpp(110,44): warning C4244:  инициализация: преобразование "double" в "LONG", возможна потеря данных
C:\Users\User01\Desktop\LabsTwo\WinApiBUS\WinApiBUS.cpp(110,69): warning C4838:  преобразование из "double" в "LONG" требует сужающего преобразования
C:\Users\User01\Desktop\LabsTwo\WinApiBUS\WinApiBUS.cpp(110,69): warning C4244:  инициализация: преобразование "double" в "LONG", возможна потеря данных
C:\Users\User01\Desktop\LabsTwo\WinApiBUS\WinApiBUS.cpp(110,78): warning C4838:  преобразование из "double" в "LONG" требует сужающего преобразования
C:\Users\User01\Desktop\LabsTwo\WinApiBUS\WinApiBUS.cpp(110,78): warning C4244:  инициализация: преобразование "double" в "LONG", возможна потеря данных
C:\Users\User01\Desktop\LabsTwo\WinApiBUS\WinApiBUS.cpp(110,104): warning C4838:  преобразование из "double" в "LONG" требует сужающего преобразования
C:\Users\User01\Desktop\LabsTwo\WinApiBUS\WinApiBUS.cpp(110,104): warning C4244:  инициализация: преобразование "double" в "LONG", возможна потеря данных
C:\Users\User01\Desktop\LabsTwo\WinApiBUS\WinApiBUS.cpp(112,40): warning C4838:  преобразование из "double" в "LONG" требует сужающего преобразования
C:\Users\User01\Desktop\LabsTwo\WinApiBUS\WinApiBUS.cpp(112,40): warning C4244:  инициализация: преобразование "double" в "LONG", возможна потеря данных
C:\Users\User01\Desktop\LabsTwo\WinApiBUS\WinApiBUS.cpp(112,49): warning C4838:  преобразование из "double" в "LONG" требует сужающего преобразования
C:\Users\User01\Desktop\LabsTwo\WinApiBUS\WinApiBUS.cpp(112,49): warning C4244:  инициализация: преобразование "double" в "LONG", возможна потеря данных
C:\Users\User01\Desktop\LabsTwo\WinApiBUS\WinApiBUS.cpp(112,79): warning C4838:  преобразование из "double" в "LONG" требует сужающего преобразования
C:\Users\User01\Desktop\LabsTwo\WinApiBUS\WinApiBUS.cpp(112,79): warning C4244:  инициализация: преобразование "double" в "LONG", возможна потеря данных
C:\Users\User01\Desktop\LabsTwo\WinApiBUS\WinApiBUS.cpp(112,88): warning C4838:  преобразование из "double" в "LONG" требует сужающего преобразования
C:\Users\User01\Desktop\LabsTwo\WinApiBUS\WinApiBUS.cpp(112,88): warning C4244:  инициализация: преобразование "double" в "LONG", возможна потеря данных
C:\Users\User01\Desktop\LabsTwo\WinApiBUS\WinApiBUS.cpp(112,118): warning C4838:  преобразование из "double" в "LONG" требует сужающего преобразования
C:\Users\User01\Desktop\LabsTwo\WinApiBUS\WinApiBUS.cpp(112,118): warning C4244:  инициализация: преобразование "double" в "LONG", возможна потеря данных
C:\Users\User01\Desktop\LabsTwo\WinApiBUS\WinApiBUS.cpp(114,41): warning C4838:  преобразование из "double" в "LONG" требует сужающего преобразования
C:\Users\User01\Desktop\LabsTwo\WinApiBUS\WinApiBUS.cpp(114,41): warning C4244:  инициализация: преобразование "double" в "LONG", возможна потеря данных
C:\Users\User01\Desktop\LabsTwo\WinApiBUS\WinApiBUS.cpp(114,50): warning C4838:  преобразование из "double" в "LONG" требует сужающего преобразования
C:\Users\User01\Desktop\LabsTwo\WinApiBUS\WinApiBUS.cpp(114,50): warning C4244:  инициализация: преобразование "double" в "LONG", возможна потеря данных
C:\Users\User01\Desktop\LabsTwo\WinApiBUS\WinApiBUS.cpp(114,81): warning C4838:  преобразование из "double" в "LONG" требует сужающего преобразования
C:\Users\User01\Desktop\LabsTwo\WinApiBUS\WinApiBUS.cpp(114,81): warning C4244:  инициализация: преобразование "double" в "LONG", возможна потеря данных
C:\Users\User01\Desktop\LabsTwo\WinApiBUS\WinApiBUS.cpp(114,96): warning C4838:  преобразование из "double" в "LONG" требует сужающего преобразования
C:\Users\User01\Desktop\LabsTwo\WinApiBUS\WinApiBUS.cpp(114,96): warning C4244:  инициализация: преобразование "double" в "LONG", возможна потеря данных
C:\Users\User01\Desktop\LabsTwo\WinApiBUS\WinApiBUS.cpp(114,125): warning C4838:  преобразование из "double" в "LONG" требует сужающего преобразования
C:\Users\User01\Desktop\LabsTwo\WinApiBUS\WinApiBUS.cpp(114,125): warning C4244:  инициализация: преобразование "double" в "LONG", возможна потеря данных
C:\Users\User01\Desktop\LabsTwo\WinApiBUS\WinApiBUS.cpp(116,40): warning C4838:  преобразование из "double" в "LONG" требует сужающего преобразования
C:\Users\User01\Desktop\LabsTwo\WinApiBUS\WinApiBUS.cpp(116,40): warning C4244:  инициализация: преобразование "double" в "LONG", возможна потеря данных
C:\Users\User01\Desktop\LabsTwo\WinApiBUS\WinApiBUS.cpp(116,49): warning C4838:  преобразование из "double" в "LONG" требует сужающего преобразования
C:\Users\User01\Desktop\LabsTwo\WinApiBUS\WinApiBUS.cpp(116,49): warning C4244:  инициализация: преобразование "double" в "LONG", возможна потеря данных
C:\Users\User01\Desktop\LabsTwo\WinApiBUS\WinApiBUS.cpp(116,79): warning C4838:  преобразование из "double" в "LONG" требует сужающего преобразования
C:\Users\User01\Desktop\LabsTwo\WinApiBUS\WinApiBUS.cpp(116,79): warning C4244:  инициализация: преобразование "double" в "LONG", возможна потеря данных
C:\Users\User01\Desktop\LabsTwo\WinApiBUS\WinApiBUS.cpp(116,94): warning C4838:  преобразование из "double" в "LONG" требует сужающего преобразования
C:\Users\User01\Desktop\LabsTwo\WinApiBUS\WinApiBUS.cpp(116,94): warning C4244:  инициализация: преобразование "double" в "LONG", возможна потеря данных
C:\Users\User01\Desktop\LabsTwo\WinApiBUS\WinApiBUS.cpp(116,123): warning C4838:  преобразование из "double" в "LONG" требует сужающего преобразования
C:\Users\User01\Desktop\LabsTwo\WinApiBUS\WinApiBUS.cpp(116,123): warning C4244:  инициализация: преобразование "double" в "LONG", возможна потеря данных
C:\Users\User01\Desktop\LabsTwo\WinApiBUS\WinApiBUS.cpp(119,36): warning C4838:  преобразование из "double" в "LONG" требует сужающего преобразования
C:\Users\User01\Desktop\LabsTwo\WinApiBUS\WinApiBUS.cpp(119,36): warning C4244:  инициализация: преобразование "double" в "LONG", возможна потеря данных
C:\Users\User01\Desktop\LabsTwo\WinApiBUS\WinApiBUS.cpp(119,45): warning C4838:  преобразование из "double" в "LONG" требует сужающего преобразования
C:\Users\User01\Desktop\LabsTwo\WinApiBUS\WinApiBUS.cpp(119,45): warning C4244:  инициализация: преобразование "double" в "LONG", возможна потеря данных
C:\Users\User01\Desktop\LabsTwo\WinApiBUS\WinApiBUS.cpp(119,70): warning C4838:  преобразование из "double" в "LONG" требует сужающего преобразования
C:\Users\User01\Desktop\LabsTwo\WinApiBUS\WinApiBUS.cpp(119,70): warning C4244:  инициализация: преобразование "double" в "LONG", возможна потеря данных
C:\Users\User01\Desktop\LabsTwo\WinApiBUS\WinApiBUS.cpp(119,79): warning C4838:  преобразование из "double" в "LONG" требует сужающего преобразования
C:\Users\User01\Desktop\LabsTwo\WinApiBUS\WinApiBUS.cpp(119,79): warning C4244:  инициализация: преобразование "double" в "LONG", возможна потеря данных
C:\Users\User01\Desktop\LabsTwo\WinApiBUS\WinApiBUS.cpp(119,105): warning C4838:  преобразование из "double" в "LONG" требует сужающего преобразования
C:\Users\User01\Desktop\LabsTwo\WinApiBUS\WinApiBUS.cpp(119,105): warning C4244:  инициализация: преобразование "double" в "LONG", возможна потеря данных
C:\Users\User01\Desktop\LabsTwo\WinApiBUS\WinApiBUS.cpp(121,41): warning C4838:  преобразование из "double" в "LONG" требует сужающего преобразования
C:\Users\User01\Desktop\LabsTwo\WinApiBUS\WinApiBUS.cpp(121,41): warning C4244:  инициализация: преобразование "double" в "LONG", возможна потеря данных
C:\Users\User01\Desktop\LabsTwo\WinApiBUS\WinApiBUS.cpp(121,50): warning C4838:  преобразование из "double" в "LONG" требует сужающего преобразования
C:\Users\User01\Desktop\LabsTwo\WinApiBUS\WinApiBUS.cpp(121,50): warning C4244:  инициализация: преобразование "double" в "LONG", возможна потеря данных
C:\Users\User01\Desktop\LabsTwo\WinApiBUS\WinApiBUS.cpp(121,80): warning C4838:  преобразование из "double" в "LONG" требует сужающего преобразования
C:\Users\User01\Desktop\LabsTwo\WinApiBUS\WinApiBUS.cpp(121,80): warning C4244:  инициализация: преобразование "double" в "LONG", возможна потеря данных
C:\Users\User01\Desktop\LabsTwo\WinApiBUS\WinApiBUS.cpp(121,89): warning C4838:  преобразование из "double" в "LONG" требует сужающего преобразования
C:\Users\User01\Desktop\LabsTwo\WinApiBUS\WinApiBUS.cpp(121,89): warning C4244:  инициализация: преобразование "double" в "LONG", возможна потеря данных
C:\Users\User01\Desktop\LabsTwo\WinApiBUS\WinApiBUS.cpp(121,119): warning C4838:  преобразование из "double" в "LONG" требует сужающего преобразования
C:\Users\User01\Desktop\LabsTwo\WinApiBUS\WinApiBUS.cpp(121,119): warning C4244:  инициализация: преобразование "double" в "LONG", возможна потеря данных
C:\Users\User01\Desktop\LabsTwo\WinApiBUS\WinApiBUS.cpp(123,42): warning C4838:  преобразование из "double" в "LONG" требует сужающего преобразования
C:\Users\User01\Desktop\LabsTwo\WinApiBUS\WinApiBUS.cpp(123,42): warning C4244:  инициализация: преобразование "double" в "LONG", возможна потеря данных
C:\Users\User01\Desktop\LabsTwo\WinApiBUS\WinApiBUS.cpp(123,51): warning C4838:  преобразование из "double" в "LONG" требует сужающего преобразования
C:\Users\User01\Desktop\LabsTwo\WinApiBUS\WinApiBUS.cpp(123,51): warning C4244:  инициализация: преобразование "double" в "LONG", возможна потеря данных
C:\Users\User01\Desktop\LabsTwo\WinApiBUS\WinApiBUS.cpp(123,82): warning C4838:  преобразование из "double" в "LONG" требует сужающего преобразования
C:\Users\User01\Desktop\LabsTwo\WinApiBUS\WinApiBUS.cpp(123,82): warning C4244:  инициализация: преобразование "double" в "LONG", возможна потеря данных
C:\Users\User01\Desktop\LabsTwo\WinApiBUS\WinApiBUS.cpp(123,97): warning C4838:  преобразование из "double" в "LONG" требует сужающего преобразования
C:\Users\User01\Desktop\LabsTwo\WinApiBUS\WinApiBUS.cpp(123,97): warning C4244:  инициализация: преобразование "double" в "LONG", возможна потеря данных
C:\Users\User01\Desktop\LabsTwo\WinApiBUS\WinApiBUS.cpp(123,126): warning C4838:  преобразование из "double" в "LONG" требует сужающего преобразования
C:\Users\User01\Desktop\LabsTwo\WinApiBUS\WinApiBUS.cpp(123,126): warning C4244:  инициализация: преобразование "double" в "LONG", возможна потеря данных
C:\Users\User01\Desktop\LabsTwo\WinApiBUS\WinApiBUS.cpp(125,41): warning C4838:  преобразование из "double" в "LONG" требует сужающего преобразования
C:\Users\User01\Desktop\LabsTwo\WinApiBUS\WinApiBUS.cpp(125,41): warning C4244:  инициализация: преобразование "double" в "LONG", возможна потеря данных
C:\Users\User01\Desktop\LabsTwo\WinApiBUS\WinApiBUS.cpp(125,50): warning C4838:  преобразование из "double" в "LONG" требует сужающего преобразования
C:\Users\User01\Desktop\LabsTwo\WinApiBUS\WinApiBUS.cpp(125,50): warning C4244:  инициализация: преобразование "double" в "LONG", возможна потеря данных
C:\Users\User01\Desktop\LabsTwo\WinApiBUS\WinApiBUS.cpp(125,80): warning C4838:  преобразование из "double" в "LONG" требует сужающего преобразования
C:\Users\User01\Desktop\LabsTwo\WinApiBUS\WinApiBUS.cpp(125,80): warning C4244:  инициализация: преобразование "double" в "LONG", возможна потеря данных
C:\Users\User01\Desktop\LabsTwo\WinApiBUS\WinApiBUS.cpp(125,95): warning C4838:  преобразование из "double" в "LONG" требует сужающего преобразования
C:\Users\User01\Desktop\LabsTwo\WinApiBUS\WinApiBUS.cpp(125,95): warning C4244:  инициализация: преобразование "double" в "LONG", возможна потеря данных
C:\Users\User01\Desktop\LabsTwo\WinApiBUS\WinApiBUS.cpp(125,124): warning C4838:  преобразование из "double" в "LONG" требует сужающего преобразования
C:\Users\User01\Desktop\LabsTwo\WinApiBUS\WinApiBUS.cpp(125,124): warning C4244:  инициализация: преобразование "double" в "LONG", возможна потеря данных
C:\Users\User01\Desktop\LabsTwo\WinApiBUS\WinApiBUS.cpp(133,125): warning C4244:  аргумент: преобразование "double" в "int", возможна потеря данных
C:\Users\User01\Desktop\LabsTwo\WinApiBUS\WinApiBUS.cpp(133,115): warning C4244:  аргумент: преобразование "double" в "int", возможна потеря данных
C:\Users\User01\Desktop\LabsTwo\WinApiBUS\WinApiBUS.cpp(133,94): warning C4244:  аргумент: преобразование "double" в "int", возможна потеря данных
C:\Users\User01\Desktop\LabsTwo\WinApiBUS\WinApiBUS.cpp(133,84): warning C4244:  аргумент: преобразование "double" в "int", возможна потеря данных
C:\Users\User01\Desktop\LabsTwo\WinApiBUS\WinApiBUS.cpp(133,64): warning C4244:  аргумент: преобразование "double" в "int", возможна потеря данных
C:\Users\User01\Desktop\LabsTwo\WinApiBUS\WinApiBUS.cpp(133,54): warning C4244:  аргумент: преобразование "double" в "int", возможна потеря данных
C:\Users\User01\Desktop\LabsTwo\WinApiBUS\WinApiBUS.cpp(133,34): warning C4244:  аргумент: преобразование "double" в "int", возможна потеря данных
C:\Users\User01\Desktop\LabsTwo\WinApiBUS\WinApiBUS.cpp(133,24): warning C4244:  аргумент: преобразование "double" в "int", возможна потеря данных
C:\Users\User01\Desktop\LabsTwo\WinApiBUS\WinApiBUS.cpp(134,133): warning C4244:  аргумент: преобразование "double" в "int", возможна потеря данных
C:\Users\User01\Desktop\LabsTwo\WinApiBUS\WinApiBUS.cpp(134,123): warning C4244:  аргумент: преобразование "double" в "int", возможна потеря данных
C:\Users\User01\Desktop\LabsTwo\WinApiBUS\WinApiBUS.cpp(134,100): warning C4244:  аргумент: преобразование "double" в "int", возможна потеря данных
C:\Users\User01\Desktop\LabsTwo\WinApiBUS\WinApiBUS.cpp(134,90): warning C4244:  аргумент: преобразование "double" в "int", возможна потеря данных
C:\Users\User01\Desktop\LabsTwo\WinApiBUS\WinApiBUS.cpp(134,68): warning C4244:  аргумент: преобразование "double" в "int", возможна потеря данных
C:\Users\User01\Desktop\LabsTwo\WinApiBUS\WinApiBUS.cpp(134,58): warning C4244:  аргумент: преобразование "double" в "int", возможна потеря данных
C:\Users\User01\Desktop\LabsTwo\WinApiBUS\WinApiBUS.cpp(134,36): warning C4244:  аргумент: преобразование "double" в "int", возможна потеря данных
C:\Users\User01\Desktop\LabsTwo\WinApiBUS\WinApiBUS.cpp(134,26): warning C4244:  аргумент: преобразование "double" в "int", возможна потеря данных
C:\Users\User01\Desktop\LabsTwo\WinApiBUS\WinApiBUS.cpp(135,109): warning C4244:  аргумент: преобразование "double" в "int", возможна потеря данных
C:\Users\User01\Desktop\LabsTwo\WinApiBUS\WinApiBUS.cpp(135,99): warning C4244:  аргумент: преобразование "double" в "int", возможна потеря данных
C:\Users\User01\Desktop\LabsTwo\WinApiBUS\WinApiBUS.cpp(135,82): warning C4244:  аргумент: преобразование "double" в "int", возможна потеря данных
C:\Users\User01\Desktop\LabsTwo\WinApiBUS\WinApiBUS.cpp(135,72): warning C4244:  аргумент: преобразование "double" в "int", возможна потеря данных
C:\Users\User01\Desktop\LabsTwo\WinApiBUS\WinApiBUS.cpp(135,56): warning C4244:  аргумент: преобразование "double" в "int", возможна потеря данных
C:\Users\User01\Desktop\LabsTwo\WinApiBUS\WinApiBUS.cpp(135,46): warning C4244:  аргумент: преобразование "double" в "int", возможна потеря данных
C:\Users\User01\Desktop\LabsTwo\WinApiBUS\WinApiBUS.cpp(135,30): warning C4244:  аргумент: преобразование "double" в "int", возможна потеря данных
C:\Users\User01\Desktop\LabsTwo\WinApiBUS\WinApiBUS.cpp(135,20): warning C4244:  аргумент: преобразование "double" в "int", возможна потеря данных
C:\Users\User01\Desktop\LabsTwo\WinApiBUS\WinApiBUS.cpp(143,74): warning C4244:  аргумент: преобразование "double" в "int", возможна потеря данных
C:\Users\User01\Desktop\LabsTwo\WinApiBUS\WinApiBUS.cpp(143,43): warning C4244:  аргумент: преобразование "double" в "int", возможна потеря данных
C:\Users\User01\Desktop\LabsTwo\WinApiBUS\WinApiBUS.cpp(177,49): warning C4244:  аргумент: преобразование "double" в "int", возможна потеря данных
C:\Users\User01\Desktop\LabsTwo\WinApiBUS\WinApiBUS.cpp(177,29): warning C4244:  аргумент: преобразование "double" в "int", возможна потеря данных
C:\Users\User01\Desktop\LabsTwo\WinApiBUS\WinApiBUS.cpp(188,201): warning C4244:  аргумент: преобразование "double" в "int", возможна потеря данных
C:\Users\User01\Desktop\LabsTwo\WinApiBUS\WinApiBUS.cpp(188,147): warning C4244:  аргумент: преобразование "double" в "int", возможна потеря данных
C:\Users\User01\Desktop\LabsTwo\WinApiBUS\WinApiBUS.cpp(188,96): warning C4244:  аргумент: преобразование "double" в "int", возможна потеря данных
C:\Users\User01\Desktop\LabsTwo\WinApiBUS\WinApiBUS.cpp(188,48): warning C4244:  аргумент: преобразование "double" в "int", возможна потеря данных
C:\Users\User01\Desktop\LabsTwo\WinApiBUS\WinApiBUS.cpp(428,24): warning C4244:  аргумент: преобразование "float" в "int", возможна потеря данных
C:\Users\User01\Desktop\LabsTwo\WinApiBUS\WinApiBUS.cpp(429,27): warning C4244:  аргумент: преобразование "float" в "int", возможна потеря данных
C:\Users\User01\Desktop\LabsTwo\WinApiBUS\WinApiBUS.cpp(435,50): warning C4244:  аргумент: преобразование "float" в "int", возможна потеря данных
C:\Users\User01\Desktop\LabsTwo\WinApiBUS\WinApiBUS.cpp(435,45): warning C4244:  аргумент: преобразование "float" в "int", возможна потеря данных
C:\Users\User01\Desktop\LabsTwo\WinApiBUS\WinApiBUS.cpp(442,50): warning C4244:  аргумент: преобразование "float" в "int", возможна потеря данных
C:\Users\User01\Desktop\LabsTwo\WinApiBUS\WinApiBUS.cpp(442,45): warning C4244:  аргумент: преобразование "float" в "int", возможна потеря данных
C:\Users\User01\Desktop\LabsTwo\WinApiBUS\WinApiBUS.cpp(461,15): warning C4244:  аргумент: преобразование "float" в "int", возможна потеря данных
C:\Users\User01\Desktop\LabsTwo\WinApiBUS\WinApiBUS.cpp(462,18): warning C4244:  аргумент: преобразование "float" в "int", возможна потеря данных
  WinApiBUS.vcxproj -> C:\Users\User01\Desktop\LabsTwo\WinApiBUS\Debug\WinApiBUS.exe
